<testsuite failures="1" name="com/api/automation_resource/getIncident_Request.feature" skipped="0" tests="1" time="0.006553">
  <testcase classname="com.api.automation_resource.getIncident_Request" name="User login into service" time="0.006553">
    <failure message="-unknown-:4 - evaluation (js) failed: _url, javax.script.ScriptException: ReferenceError: &quot;_url&quot; is not defined in &lt;eval&gt; at line number 1&#10;stack trace: jdk.nashorn.api.scripting.NashornScriptEngine.throwAsScriptException(NashornScriptEngine.java:470)">Given url _url ............................................................ failed

Stack Trace:
com.intuit.karate.exception.KarateException: -unknown-:4 - evaluation (js) failed: _url, javax.script.ScriptException: ReferenceError: "_url" is not defined in &lt;eval&gt; at line number 1
stack trace: jdk.nashorn.api.scripting.NashornScriptEngine.throwAsScriptException(NashornScriptEngine.java:470)&#13;
	at âœ½.Given url _url (-unknown-:4)&#13;

And headers {Accept:'application/json', Authorization:'Basic YWRtaW46NjQxNjAxQFRncw=='} . skipped
Given path _path .......................................................... skipped
And param sysparm_fields = _sysparam ...................................... skipped
When method get ........................................................... skipped
Then status 200 ........................................................... skipped
And print response.result[0] .............................................. skipped
And def sysid = response.result[0].sys_id ................................. skipped
And match response == '#notnull' .......................................... skipped
And def length = response.result.length ................................... skipped</failure>
  </testcase>
</testsuite>
